[22:46:58] [main/WARN]: Ambiguity between arguments [teleport, destination] and [teleport, targets] with inputs: [Player, 0123, @e, dd12be42-52a9-4a91-a8a1-11c01849e498]
[22:46:58] [main/WARN]: Ambiguity between arguments [teleport, location] and [teleport, destination] with inputs: [0.1 -0.5 .9, 0 0 0]
[22:46:58] [main/WARN]: Ambiguity between arguments [teleport, location] and [teleport, targets] with inputs: [0.1 -0.5 .9, 0 0 0]
[22:46:58] [main/WARN]: Ambiguity between arguments [teleport, targets] and [teleport, destination] with inputs: [Player, 0123, dd12be42-52a9-4a91-a8a1-11c01849e498]
[22:46:58] [main/WARN]: Ambiguity between arguments [teleport, targets, location] and [teleport, targets, destination] with inputs: [0.1 -0.5 .9, 0 0 0]
[22:46:58] [Server thread/INFO]: Starting minecraft server version 1.15.1
[22:46:58] [Server thread/INFO]: Loading properties
[22:46:58] [Server thread/INFO]: Default game type: SURVIVAL
[22:46:58] [Server thread/INFO]: Generating keypair
[22:46:58] [Server thread/INFO]: Starting Minecraft server on *:25565
[22:46:59] [Server thread/INFO]: Using default channel type
[22:46:59] [Server thread/INFO]: Preparing level "world"
[22:46:59] [Server thread/INFO]: Found new data pack vanilla, loading it automatically
[22:46:59] [Server thread/INFO]: Reloading ResourceManager: Default
[22:47:18] [Server thread/INFO]: Loaded 6 recipes
[22:47:18] [Server thread/INFO]: Loaded 825 advancements
[22:47:22] [Server thread/INFO]: Preparing start region for dimension minecraft:overworld
[22:47:22] [Server-Worker-3/INFO]: Preparing spawn area: 0%
[22:47:23] [Server-Worker-3/INFO]: Preparing spawn area: 0%
[22:47:23] [Server-Worker-3/INFO]: Preparing spawn area: 0%
[22:47:24] [Server-Worker-1/INFO]: Preparing spawn area: 1%
[22:47:24] [Server-Worker-1/INFO]: Preparing spawn area: 1%
[22:47:25] [Server-Worker-2/INFO]: Preparing spawn area: 2%
[22:47:25] [Server-Worker-1/INFO]: Preparing spawn area: 3%
[22:47:26] [Server-Worker-2/INFO]: Preparing spawn area: 5%
[22:47:26] [Server-Worker-2/INFO]: Preparing spawn area: 7%
[22:47:27] [Server-Worker-1/INFO]: Preparing spawn area: 7%
[22:47:27] [Server-Worker-3/INFO]: Preparing spawn area: 7%
[22:47:28] [Server-Worker-3/INFO]: Preparing spawn area: 7%
[22:47:28] [Server-Worker-2/INFO]: Preparing spawn area: 15%
[22:47:29] [Server-Worker-1/INFO]: Preparing spawn area: 16%
[22:47:29] [Server-Worker-1/INFO]: Preparing spawn area: 16%
[22:47:30] [Server-Worker-2/INFO]: Preparing spawn area: 16%
[22:47:30] [Server-Worker-2/INFO]: Preparing spawn area: 23%
[22:47:31] [Server-Worker-2/INFO]: Preparing spawn area: 24%
[22:47:31] [Server-Worker-2/INFO]: Preparing spawn area: 24%
[22:47:32] [Server-Worker-3/INFO]: Preparing spawn area: 28%
[22:47:32] [Server-Worker-3/INFO]: Preparing spawn area: 28%
[22:47:33] [Server-Worker-3/INFO]: Preparing spawn area: 32%
[22:47:33] [Server-Worker-3/INFO]: Preparing spawn area: 32%
[22:47:34] [Server-Worker-2/INFO]: Preparing spawn area: 35%
[22:47:34] [Server-Worker-3/INFO]: Preparing spawn area: 35%
[22:47:35] [Server-Worker-3/INFO]: Preparing spawn area: 35%
[22:47:35] [Server-Worker-2/INFO]: Preparing spawn area: 35%
[22:47:36] [Server-Worker-3/INFO]: Preparing spawn area: 35%
[22:47:36] [Server-Worker-1/INFO]: Preparing spawn area: 44%
[22:47:37] [Server-Worker-3/INFO]: Preparing spawn area: 44%
[22:47:38] [Server-Worker-1/INFO]: Preparing spawn area: 44%
[22:47:38] [Server-Worker-3/INFO]: Preparing spawn area: 44%
[22:47:38] [Server-Worker-1/INFO]: Preparing spawn area: 55%
[22:47:39] [Server-Worker-1/INFO]: Preparing spawn area: 58%
[22:47:39] [Server-Worker-3/INFO]: Preparing spawn area: 63%
[22:47:40] [Server-Worker-3/INFO]: Preparing spawn area: 68%
[22:47:40] [Server-Worker-3/INFO]: Preparing spawn area: 73%
[22:47:41] [Server-Worker-2/INFO]: Preparing spawn area: 79%
[22:47:41] [Server-Worker-3/INFO]: Preparing spawn area: 85%
[22:47:42] [Server-Worker-2/INFO]: Preparing spawn area: 91%
[22:47:42] [Server-Worker-2/INFO]: Preparing spawn area: 92%
[22:47:42] [Server thread/INFO]: Time elapsed: 20153 ms
[22:47:42] [Server thread/INFO]: Done (43.453s)! For help, type "help"
[22:47:58] [Server thread/INFO]: /advancement (grant|revoke)
[22:47:58] [Server thread/INFO]: /ban <targets> [<reason>]
[22:47:58] [Server thread/INFO]: /ban-ip <target> [<reason>]
[22:47:58] [Server thread/INFO]: /banlist [ips|players]
[22:47:58] [Server thread/INFO]: /bossbar (add|get|list|remove|set)
[22:47:58] [Server thread/INFO]: /clear [<targets>]
[22:47:58] [Server thread/INFO]: /clone <begin> <end> <destination> [filtered|masked|replace]
[22:47:58] [Server thread/INFO]: /data (get|merge|modify|remove)
[22:47:58] [Server thread/INFO]: /datapack (disable|enable|list)
[22:47:58] [Server thread/INFO]: /debug (report|start|stop)
[22:47:58] [Server thread/INFO]: /defaultgamemode (adventure|creative|spectator|survival)
[22:47:58] [Server thread/INFO]: /deop <targets>
[22:47:58] [Server thread/INFO]: /difficulty [easy|hard|normal|peaceful]
[22:47:58] [Server thread/INFO]: /effect (clear|give)
[22:47:58] [Server thread/INFO]: /enchant <targets> <enchantment> [<level>]
[22:47:58] [Server thread/INFO]: /execute (align|anchored|as|at|facing|if|in|positioned|rotated|run|store|unless)
[22:47:58] [Server thread/INFO]: /experience (add|query|set)
[22:47:58] [Server thread/INFO]: /fill <from> <to> <block> [destroy|hollow|keep|outline|replace]
[22:47:58] [Server thread/INFO]: /forceload (add|query|remove)
[22:47:58] [Server thread/INFO]: /function <name>
[22:47:58] [Server thread/INFO]: /gamemode (adventure|creative|spectator|survival)
[22:47:58] [Server thread/INFO]: /gamerule (announceAdvancements|commandBlockOutput|disableElytraMovementCheck|disableRaids|doDaylightCycle|doEntityDrops|doFireTick|doImmediateRespawn|doInsomnia|doLimitedCrafting|doMobLoot|doMobSpawning|doTileDrops|doWeatherCycle|drowningDamage|fallDamage|fireDamage|keepInventory|logAdminCommands|maxCommandChainLength|maxEntityCramming|mobGriefing|naturalRegeneration|randomTickSpeed|reducedDebugInfo|sendCommandFeedback|showDeathMessages|spawnRadius|spectatorsGenerateChunks)
[22:47:58] [Server thread/INFO]: /give <targets> <item> [<count>]
[22:47:58] [Server thread/INFO]: /help [<command>]
[22:47:58] [Server thread/INFO]: /kick <targets> [<reason>]
[22:47:58] [Server thread/INFO]: /kill [<targets>]
[22:47:58] [Server thread/INFO]: /list [uuids]
[22:47:58] [Server thread/INFO]: /locate (Buried_Treasure|Desert_Pyramid|EndCity|Fortress|Igloo|Jungle_Pyramid|Mansion|Mineshaft|Monument|Ocean_Ruin|Pillager_Outpost|Shipwreck|Stronghold|Swamp_Hut|Village)
[22:47:58] [Server thread/INFO]: /loot (give|insert|replace|spawn)
[22:47:58] [Server thread/INFO]: /me <action>
[22:47:58] [Server thread/INFO]: /msg <targets> <message>
[22:47:58] [Server thread/INFO]: /op <targets>
[22:47:58] [Server thread/INFO]: /pardon <targets>
[22:47:58] [Server thread/INFO]: /pardon-ip <target>
[22:47:58] [Server thread/INFO]: /particle <name> [<pos>]
[22:47:58] [Server thread/INFO]: /playsound <sound> (ambient|block|hostile|master|music|neutral|player|record|voice|weather)
[22:47:58] [Server thread/INFO]: /recipe (give|take)
[22:47:58] [Server thread/INFO]: /reload
[22:47:58] [Server thread/INFO]: /replaceitem (block|entity)
[22:47:58] [Server thread/INFO]: /save-all [flush]
[22:47:58] [Server thread/INFO]: /save-off
[22:47:58] [Server thread/INFO]: /save-on
[22:47:58] [Server thread/INFO]: /say <message>
[22:47:58] [Server thread/INFO]: /schedule (clear|function)
[22:47:58] [Server thread/INFO]: /scoreboard (objectives|players)
[22:47:58] [Server thread/INFO]: /seed
[22:47:58] [Server thread/INFO]: /setblock <pos> <block> [destroy|keep|replace]
[22:47:58] [Server thread/INFO]: /setidletimeout <minutes>
[22:47:58] [Server thread/INFO]: /setworldspawn [<pos>]
[22:47:58] [Server thread/INFO]: /spawnpoint [<targets>]
[22:47:58] [Server thread/INFO]: /spectate [<target>]
[22:47:58] [Server thread/INFO]: /spreadplayers <center> <spreadDistance> <maxRange> <respectTeams> <targets>
[22:47:58] [Server thread/INFO]: /stop
[22:47:58] [Server thread/INFO]: /stopsound <targets> [*|ambient|block|hostile|master|music|neutral|player|record|voice|weather]
[22:47:58] [Server thread/INFO]: /summon <entity> [<pos>]
[22:47:58] [Server thread/INFO]: /tag <targets> (add|list|remove)
[22:47:58] [Server thread/INFO]: /team (add|empty|join|leave|list|modify|remove)
[22:47:58] [Server thread/INFO]: /teammsg <message>
[22:47:58] [Server thread/INFO]: /teleport (<destination>|<location>|<targets>)
[22:47:58] [Server thread/INFO]: /tell -> msg
[22:47:58] [Server thread/INFO]: /tellraw <targets> <message>
[22:47:58] [Server thread/INFO]: /time (add|query|set)
[22:47:58] [Server thread/INFO]: /title <targets> (actionbar|clear|reset|subtitle|times|title)
[22:47:58] [Server thread/INFO]: /tm -> teammsg
[22:47:58] [Server thread/INFO]: /tp -> teleport
[22:47:58] [Server thread/INFO]: /trigger <objective> [add|set]
[22:47:58] [Server thread/INFO]: /w -> msg
[22:47:58] [Server thread/INFO]: /weather (clear|rain|thunder)
[22:47:58] [Server thread/INFO]: /whitelist (add|list|off|on|reload|remove)
[22:47:58] [Server thread/INFO]: /worldborder (add|center|damage|get|set|warning)
[22:47:58] [Server thread/INFO]: /xp -> experience
[22:48:24] [Server thread/INFO]: Stopping the server
[22:48:25] [Server thread/INFO]: Stopping server
[22:48:25] [Server thread/INFO]: Saving players
[22:48:25] [Server thread/INFO]: Saving worlds
[22:48:25] [Server thread/INFO]: Saving chunks for level 'world'/minecraft:the_nether
[22:48:25] [Server thread/INFO]: ThreadedAnvilChunkStorage (DIM-1): All chunks are saved
[22:48:25] [Server thread/INFO]: Saving chunks for level 'world'/minecraft:overworld
[22:48:25] [Server thread/INFO]: ThreadedAnvilChunkStorage (world): All chunks are saved
[22:48:25] [Server thread/INFO]: Saving chunks for level 'world'/minecraft:the_end
[22:48:26] [Server thread/INFO]: ThreadedAnvilChunkStorage (DIM1): All chunks are saved
[22:48:26] [Server thread/INFO]: ThreadedAnvilChunkStorage (DIM-1): All chunks are saved
[22:48:26] [Server thread/INFO]: ThreadedAnvilChunkStorage (world): All chunks are saved
[22:48:26] [Server thread/INFO]: ThreadedAnvilChunkStorage (DIM1): All chunks are saved
